2025-04-12 23:56:20   Defined reference frequency for open boundary condition (2.5 GHz) is larger
                      than the lowest relevant system frequency (monitor at 2.45 GHz).
                      Please check the Settings for PML Boundary (Simulation > Settings > Boundary
                      Conditions > Open Boundary) to ensure accurate monitor results for the lowest
                      frequency of interest. More...

                      ------------------------------------------------------------------------------
2025-04-12 23:56:21   
                      Solver started at: 2025-04-12 23:56:21 +0700

                        Module:  Time Domain: S-Parameter (Win 64)
                        Version: 2024.1 Release from 2023-10-16 (change 1181985)

2025-04-12 23:56:21   

                      ------------------------------------------------------------------------------
2025-04-12 23:56:21   

                      ------------------------------------------------------------------------------
2025-04-12 23:56:21   ======================================================================
                       Solver cycle: 1
                      ======================================================================

                      Stimulation at discrete port 1 



                      ------------------------------------------------------------------------------
2025-04-12 23:56:21   Units settings: 

                        Dimensions: mm
                        Frequency:  GHz
                        Time:       ns

                      ------------------------------------------------------------------------------
2025-04-12 23:56:21   The dispersive material update [Automatic] will be performed using the "Standard" update schema

                      ------------------------------------------------------------------------------
2025-04-12 23:56:37   The following discrete edge port is connected to metal material:
                      	1

                      ------------------------------------------------------------------------------
2025-04-12 23:56:37   Mesh statistics:

                         Hexahedral mesh type: Perfect Boundary Approximation (PBA)
                            Version: default

                         Parallelization type: domain decomposition
                            Number of parallel working threads: 2
                            Number of calculation domains used: 2

                         Used point accuracy enhancement value: 75.00%.
                         Acceleration mode: CPU
                         PBA fill limit: 99.00% (inverse)

2025-04-12 23:56:40   Boundary conditions: 

                        YZsymmetry: none
                        XZsymmetry: none
                        XYsymmetry: none

                        Xmin: expanded open, 4 Layer, depth 21.5971 mm
                        Xmax: expanded open, 4 Layer, depth 21.5971 mm

                        Ymin: expanded open, 4 Layer, depth 21.5996 mm
                        Ymax: expanded open, 4 Layer, depth 20.5347 mm

                        Zmin: expanded open, 4 Layer, depth 22.4939 mm
                        Zmax: expanded open, 4 Layer, depth 22.4545 mm

                        PML-Type: Convolution PML

                      ------------------------------------------------------------------------------
2025-04-12 23:56:40   Frequency settings: 

                        Fmin:         1.5
                        Fmax:         3.5
                        Nfsteps(lin): 1001

                      ------------------------------------------------------------------------------
2025-04-12 23:56:40   Field update statistics:

                        Number of components in total: 	304227
                        Number of lossy metal components:	6512
                        Number of disp. elements:		2071

                      Subcycling state:      			Automatically deactivated

                      ------------------------------------------------------------------------------
2025-04-12 23:56:40   Port: 1

2025-04-12 23:56:40     Discrete element, reference impedance = 50 Ohm

                      ------------------------------------------------------------------------------
2025-04-12 23:57:16   
                      --------------------------------------------------------------------------------
2025-04-12 23:57:16   Steady state energy criterion met, solver finished successfully.

                      ------------------------------------------------------------------------------
2025-04-12 23:57:16   Frequency domain results normalized to default signal.


                      ------------------------------------------------------------------------------
2025-04-12 23:57:16   
                        ----------------------------------------------------------------------------
                                            Peak memory used (kB)         Free physical memory (kB) 
                                                                          At begin     Minimum      
                        ----------------------------------------------------------------------------
                        CAD preparation     16096                         946840       946840       
                        Matrices calc.      45061                         915039       891601       
                        Solver run total    65604                         983220       896248       
                        ----------------------------------------------------------------------------

                      --------------------------------------------------------------------------------
                      Solver Statistics:

                        Hardware:
                           Computer name:                 	laptop-Dung 

                           Number of CPU threads:               4
                           Hardware info:                  	Hardware Accelerator Device not activated

                        Number of mesh cells:             	48450
                        Excitation duration:              	3.55454875e+000 ns 
                        Calculation time for excitation:  	0 	s
                        Number of calculated pulse widths:	4.63246 
                        Steady state accuracy limit:      	-40	dB 
                        Simulated number of time steps:   	18165 
                        Maximum number of time steps:     	78424 
                        Time step width:
                           without subcycles:             	9.064853670e-004 ns
                           used:                          	9.064853670e-004 ns

                        CAD preparation time:             	0      	s
                        Matrix calculation time:          	15 	s
                        Solver setup time:                	5 	s
                        Solver loop time:                 	31 	s
                        Solver post-processing time:      	1 	s
                                                          	------------
                        Total solver time:                	52 	s

                      ------------------------------------------------------------------------------
2025-04-12 23:57:17   
                        Total solver time (all cycles):      	52     	s
                        Solver initialization and clean-up:  	3      	s
                                                             	------------
                        Total simulation time:               	55     	s

                      ------------------------------------------------------------------------------
2025-04-12 23:57:17   Solver finished at: 2025-04-12 23:57:17 +0700



                      ------------------------------------------------------------------------------
2025-04-12 23:57:21   Creating parametric 1D results for Run ID 1

                      ------------------------------------------------------------------------------
