Unknown:
D:\project_cst\machfull\Result\e-field_m3d.coe
D:\project_cst\machfull\Result\Hex.gap
D:\project_cst\machfull\Result\MCalc.ddi
D:\project_cst\machfull\Result\MCalc.log
D:\project_cst\machfull\Result\MCalc^Diagnostics.log
D:\project_cst\machfull\Result\Model.axg
D:\project_cst\machfull\Result\Model.coco
D:\project_cst\machfull\Result\Model.ddi
D:\project_cst\machfull\Result\Model.log
D:\project_cst\machfull\Result\Model.sa
D:\project_cst\machfull\Result\Model.sam
D:\project_cst\machfull\Result\ModelPBA.axg
D:\project_cst\machfull\Result\m^fifx.dsc
D:\project_cst\machfull\Result\m^fqq.dsc
D:\project_cst\machfull\Result\Ports.web
D:\project_cst\machfull\Result\Postprocessing.log
D:\project_cst\machfull\Result\PP-MCalc.log
D:\project_cst\machfull\Result\PP-Prio.log
D:\project_cst\machfull\Result\p^a.dsc
D:\project_cst\machfull\Result\P^m^fbqq.slog
D:\project_cst\machfull\Result\P^m^fqq.slog
D:\project_cst\machfull\Result\P^p^m.slog
D:\project_cst\machfull\Result\P^s^pm.slog
D:\project_cst\machfull\Result\WEP.log
Mesh:
D:\project_cst\machfull\Result\dA.mat
D:\project_cst\machfull\Result\dad.mat
D:\project_cst\machfull\Result\ds.mat
D:\project_cst\machfull\Result\dsd.mat
D:\project_cst\machfull\Result\dsMCalc.mat
D:\project_cst\machfull\Result\Eps.mat
D:\project_cst\machfull\Result\HexMatrix.m2h
D:\project_cst\machfull\Result\HexMatrix^f^d^1.m2h
D:\project_cst\machfull\Result\HexMatrix^f^n^1.m2h
D:\project_cst\machfull\Result\HexMatrix_MCalc.m2h
D:\project_cst\machfull\Result\Kappa.mat
D:\project_cst\machfull\Result\MCalc.fmp
D:\project_cst\machfull\Result\MCalc.xcfd
D:\project_cst\machfull\Result\MCalcCCS_c.mson
D:\project_cst\machfull\Result\Meta.m2h
D:\project_cst\machfull\Result\Model-fmf.msqlite
D:\project_cst\machfull\Result\Model.cct
D:\project_cst\machfull\Result\Model.fmf
D:\project_cst\machfull\Result\Model.fmm
D:\project_cst\machfull\Result\Model.fpc
D:\project_cst\machfull\Result\Model.fwf
D:\project_cst\machfull\Result\Model.sic
D:\project_cst\machfull\Result\Model.sid
D:\project_cst\machfull\Result\Model.spi
D:\project_cst\machfull\Result\Model.xcfd
D:\project_cst\machfull\Result\Mue.mat
D:\project_cst\machfull\Result\m^fqq.mem
D:\project_cst\machfull\Result\PEC.mat
D:\project_cst\machfull\Result\Ports.fpt
D:\project_cst\machfull\Result\p^a.mem
D:\project_cst\machfull\Result\p^m.mem
D:\project_cst\machfull\Result\Rho.mat
D:\project_cst\machfull\Result\S2HMatrix.m2h
D:\project_cst\machfull\Result\Shapes.con
D:\project_cst\machfull\Result\s^pm.mem
Port:
D:\project_cst\machfull\Result\Model.pmi
