2025-04-13 11:49:27   Defined reference frequency for open boundary condition (2.5 GHz) is larger
                      than the lowest relevant system frequency (monitor at 2.45 GHz).
                      Please check the Settings for PML Boundary (Simulation > Settings > Boundary
                      Conditions > Open Boundary) to ensure accurate monitor results for the lowest
                      frequency of interest. More...

                      ------------------------------------------------------------------------------
2025-04-13 11:49:27   *** Warning ***

                      The monitor surface-current (f=2.45) is not supported and will be ignored.
                      Please define an 'H-Field and Surface current monitor' instead.

                      ------------------------------------------------------------------------------
2025-04-13 11:49:27   Due to unspecified frequency setting the evaluation of the constant tangent
                      delta model "Antena(PCB1)/FR4" is performed at the center frequency of 2.5 GHz.

                      ------------------------------------------------------------------------------
2025-04-13 11:49:27   The following farfield monitor(s) have been adjusted to model box [-1.8363,
                      41.5308, -1.76487, 63.0081, -1.44783, 2.36618]:
                        farfield (f=2.45).
                      For further information please check the page "Special Solver Parameters -
                      Solver" in the Online Help.

                      ------------------------------------------------------------------------------
2025-04-13 11:49:27   
                      Solver started at: 2025-04-13 11:49:27 +0700

                        Module:  Time Domain: S-Parameter (Win 64)
                        Version: 2024.1 Release from 2023-10-16 (change 1181985)

2025-04-13 11:49:27   

                      ------------------------------------------------------------------------------
2025-04-13 11:49:27   

                      ------------------------------------------------------------------------------
2025-04-13 11:49:27   ======================================================================
                       Solver cycle: 1
                      ======================================================================

                      Stimulation at discrete port 1 



                      ------------------------------------------------------------------------------
2025-04-13 11:49:27   Units settings: 

                        Dimensions: mm
                        Frequency:  GHz
                        Time:       ns

                      ------------------------------------------------------------------------------
2025-04-13 11:49:27   The dispersive material update [Automatic] will be performed using the "Standard" update schema

                      ------------------------------------------------------------------------------
2025-04-13 11:49:57   The following discrete edge port is connected to metal material:
                      	1

                      ------------------------------------------------------------------------------
2025-04-13 11:49:57   Mesh statistics:

                         Hexahedral mesh type: Perfect Boundary Approximation (PBA)
                            Version: default

                         Parallelization type: domain decomposition
                            Number of parallel working threads: 4
                            Number of calculation domains used: 8

                         Used point accuracy enhancement value: 0.00%.
                         Acceleration mode: CPU
                         PBA fill limit: 85.00% (inverse)

2025-04-13 11:49:58   Boundary conditions: 

                        YZsymmetry: none
                        XZsymmetry: none
                        XYsymmetry: none

                        Xmin: expanded open, 4 Layer, depth 22.4537 mm
                        Xmax: expanded open, 4 Layer, depth 21.7011 mm

                        Ymin: expanded open, 4 Layer, depth 22.6971 mm
                        Ymax: expanded open, 4 Layer, depth 21.7231 mm

                        Zmin: expanded open, 4 Layer, depth 21.1081 mm
                        Zmax: expanded open, 4 Layer, depth 22.0544 mm

                        PML-Type: Convolution PML

                      ------------------------------------------------------------------------------
2025-04-13 11:49:58   Frequency settings: 

                        Fmin:         1.5
                        Fmax:         3.5
                        Nfsteps(lin): 1001

                      ------------------------------------------------------------------------------
2025-04-13 11:49:58   Field update statistics:

                        Number of components in total: 	2076103
                        Number of TST and special elements:	16452
                        Number of lossy metal components:	100201
                        Number of disp. elements:		84025

                      Subcycling state:      			Automatically deactivated

                      ------------------------------------------------------------------------------
2025-04-13 11:49:58   Port: 1

2025-04-13 11:49:58     Discrete element, reference impedance = 50 Ohm

                      ------------------------------------------------------------------------------
2025-04-13 11:50:22   
                      --------------------------------------------------------------------------------
2025-04-13 11:50:22   Steady state energy criterion met, solver finished successfully.

                      ------------------------------------------------------------------------------
2025-04-13 11:50:22   Frequency domain results normalized to default signal.


                      ------------------------------------------------------------------------------
2025-04-13 11:50:22   
                        ----------------------------------------------------------------------------
                                            Peak memory used (kB)         Free physical memory (kB) 
                                                                          At begin     Minimum      
                        ----------------------------------------------------------------------------
                        CAD preparation     15100                         24102272     24102272     
                        Matrices calc.      797615                        24095703     23249023     
                        Solver run total    185364                        24131836     23263492     
                        ----------------------------------------------------------------------------

                      --------------------------------------------------------------------------------
                      Solver Statistics:

                        Hardware:
                           Computer name:                 	MAY-78 

                           Number of CPU threads:               6
                           Hardware info:                  	Hardware Accelerator Device not activated

                        Number of mesh cells:             	334512
                        Excitation duration:              	3.55454875e+000 ns 
                        Calculation time for excitation:  	0 	s
                        Number of calculated pulse widths:	1.35916 
                        Steady state accuracy limit:      	-40	dB 
                        Simulated number of time steps:   	6528 
                        Maximum number of time steps:     	96059 
                        Time step width:
                           without subcycles:             	7.400736090e-004 ns
                           used:                          	7.400736090e-004 ns

                        CAD preparation time:             	1      	s
                        Matrix calculation time:          	29 	s
                        Solver setup time:                	1 	s
                        Solver loop time:                 	22 	s
                        Solver post-processing time:      	0 	s
                                                          	------------
                        Total solver time:                	53 	s

                      ------------------------------------------------------------------------------
2025-04-13 11:50:22   
                        Total solver time (all cycles):      	53     	s
                        Solver initialization and clean-up:  	1      	s
                                                             	------------
                        Total simulation time:               	54     	s

                      ------------------------------------------------------------------------------
2025-04-13 11:50:22   Solver finished at: 2025-04-13 11:50:22 +0700



                      ------------------------------------------------------------------------------
