Unknown:
C:\Users\Administrator\Downloads\CST\aaaaa\Result\farfield (f=2.45)_1.fme
C:\Users\Administrator\Downloads\CST\aaaaa\Result\hardware_resources.sconf
C:\Users\Administrator\Downloads\CST\aaaaa\Result\Hex.gap
C:\Users\Administrator\Downloads\CST\aaaaa\Result\MCalc.ddi
C:\Users\Administrator\Downloads\CST\aaaaa\Result\MCalc.log
C:\Users\Administrator\Downloads\CST\aaaaa\Result\ml_info.log
C:\Users\Administrator\Downloads\CST\aaaaa\Result\Model.coco
C:\Users\Administrator\Downloads\CST\aaaaa\Result\Model.ddi
C:\Users\Administrator\Downloads\CST\aaaaa\Result\Model.log
C:\Users\Administrator\Downloads\CST\aaaaa\Result\Model.sa
C:\Users\Administrator\Downloads\CST\aaaaa\Result\Model.sam
C:\Users\Administrator\Downloads\CST\aaaaa\Result\Model.swp
C:\Users\Administrator\Downloads\CST\aaaaa\Result\m^fifx.dsc
C:\Users\Administrator\Downloads\CST\aaaaa\Result\m^fqq.dsc
C:\Users\Administrator\Downloads\CST\aaaaa\Result\Ports.web
C:\Users\Administrator\Downloads\CST\aaaaa\Result\Postprocessing.log
C:\Users\Administrator\Downloads\CST\aaaaa\Result\PP-MCalc.log
C:\Users\Administrator\Downloads\CST\aaaaa\Result\PP-Prio.log
C:\Users\Administrator\Downloads\CST\aaaaa\Result\p^a.dsc
C:\Users\Administrator\Downloads\CST\aaaaa\Result\P^m^fbqq.slog
C:\Users\Administrator\Downloads\CST\aaaaa\Result\P^m^fqq.slog
C:\Users\Administrator\Downloads\CST\aaaaa\Result\P^p^m.slog
C:\Users\Administrator\Downloads\CST\aaaaa\Result\P^s^pm.slog
C:\Users\Administrator\Downloads\CST\aaaaa\Result\WEP.log
Mesh:
C:\Users\Administrator\Downloads\CST\aaaaa\Result\dA.mat
C:\Users\Administrator\Downloads\CST\aaaaa\Result\dad.mat
C:\Users\Administrator\Downloads\CST\aaaaa\Result\ds.mat
C:\Users\Administrator\Downloads\CST\aaaaa\Result\dsd.mat
C:\Users\Administrator\Downloads\CST\aaaaa\Result\dsMCalc.mat
C:\Users\Administrator\Downloads\CST\aaaaa\Result\Eps.mat
C:\Users\Administrator\Downloads\CST\aaaaa\Result\HexMatrix.m2h
C:\Users\Administrator\Downloads\CST\aaaaa\Result\HexMatrix_MCalc.m2h
C:\Users\Administrator\Downloads\CST\aaaaa\Result\Kappa.mat
C:\Users\Administrator\Downloads\CST\aaaaa\Result\MCalc.fmp
C:\Users\Administrator\Downloads\CST\aaaaa\Result\MCalc.xcfd
C:\Users\Administrator\Downloads\CST\aaaaa\Result\MCalcCCS_c.mson
C:\Users\Administrator\Downloads\CST\aaaaa\Result\Meta.m2h
C:\Users\Administrator\Downloads\CST\aaaaa\Result\Meta.mat
C:\Users\Administrator\Downloads\CST\aaaaa\Result\Model-fmf.msqlite
C:\Users\Administrator\Downloads\CST\aaaaa\Result\Model.cct
C:\Users\Administrator\Downloads\CST\aaaaa\Result\Model.fmf
C:\Users\Administrator\Downloads\CST\aaaaa\Result\Model.fmm
C:\Users\Administrator\Downloads\CST\aaaaa\Result\Model.fpc
C:\Users\Administrator\Downloads\CST\aaaaa\Result\Model.fwf
C:\Users\Administrator\Downloads\CST\aaaaa\Result\Model.sic
C:\Users\Administrator\Downloads\CST\aaaaa\Result\Model.sid
C:\Users\Administrator\Downloads\CST\aaaaa\Result\Model.spi
C:\Users\Administrator\Downloads\CST\aaaaa\Result\Model.xcfd
C:\Users\Administrator\Downloads\CST\aaaaa\Result\Mue.mat
C:\Users\Administrator\Downloads\CST\aaaaa\Result\m^fqq.mem
C:\Users\Administrator\Downloads\CST\aaaaa\Result\PEC.mat
C:\Users\Administrator\Downloads\CST\aaaaa\Result\Ports.fpt
C:\Users\Administrator\Downloads\CST\aaaaa\Result\p^a.mem
C:\Users\Administrator\Downloads\CST\aaaaa\Result\p^m.mem
C:\Users\Administrator\Downloads\CST\aaaaa\Result\Rho.mat
C:\Users\Administrator\Downloads\CST\aaaaa\Result\S2HMatrix.m2h
C:\Users\Administrator\Downloads\CST\aaaaa\Result\Shapes.con
C:\Users\Administrator\Downloads\CST\aaaaa\Result\s^pm.mem
Port:
C:\Users\Administrator\Downloads\CST\aaaaa\Result\Model.pmi
