*** STARTING PCB CONVERSION ***

Importing D:\project_altium\PCB_DATK_1\Project Outputs for PCB_DATK_1\EFR32.tgz... [Sun Mar 30 20:09:59 2025]
============================================================
Reading ODB++ database ...

file not found: odb/misc/info.Z
Reading file odb/matrix/matrix...
Reading file odb/steps/pcb/profile...
Reading file odb/steps/pcb/eda/data...
HDR = Altium Designer file - Version 1.0.0.30000
WARNING: Ignoring I(28 time(s))
eda data: 21 packages, 59 nets.
Reading file odb/steps/pcb/layers/top_solder/features...
269 SWHs on layer TOP_SOLDER
Reading file odb/steps/pcb/layers/top_layer/features...
903 SWHs on layer TOP_LAYER
Reading file odb/steps/pcb/layers/dielectric_1/features...
0 SWHs on layer DIELECTRIC_1
Reading file odb/steps/pcb/layers/bottom_layer/features...
180 SWHs on layer BOTTOM_LAYER
Reading file odb/steps/pcb/layers/bottom_solder/features...
103 SWHs on layer BOTTOM_SOLDER
Reading file odb/steps/pcb/layers/top_solder/attrlist...
Reading file odb/steps/pcb/layers/top_layer/attrlist...
Reading file odb/steps/pcb/layers/dielectric_1/attrlist...
Reading file odb/steps/pcb/layers/bottom_layer/attrlist...
Reading file odb/steps/pcb/layers/bottom_solder/attrlist...
WARNING: material values were set to default due to missing information for the following layers:  'TOP_SOLDER', 'TOP_LAYER', 'DIELECTRIC_1', 'BOTTOM_LAYER', 'BOTTOM_SOLDER'
Reading file odb/steps/pcb/layers/comp_+_top/components...
INFO: 38 duplicate vertices ignored
========================================
INFO: Created CSV file (C:\Users\dvdun\AppData\Local\Temp\CSTDE1\Temp\DE\Untitled_0\Model\3D\EFR32.csv) with component properties extracted from ODB++ file.
========================================
========================================
Lumped-element import (C:\Users\dvdun\AppData\Local\Temp\CSTDE1\Temp\DE\Untitled_0\Model\3D\EFR32.csv)...
Detected ' ; ' as separator.

Value-string translations:
	1.6pF ->  1.6 pF (C)
	1.7nH ->  1.7 nH (L)
	10.2kR ->  10.2 kOhm (R)
	100R ->  100.0 Ohm (R)
	100nF ->  100.0 nF (C)
	10uF ->  10.0 uF (C)
	120pF ->  120.0 pF (C)
	18pF ->  18.0 pF (C)
	1MR ->  1.0 MOhm (R)
	1uF ->  1.0 uF (C)
	2.2uF ->  2.2 uF (C)
	2.2uH ->  2.2 uH (L)
	2.3pF ->  2.3 pF (C)
	2.5nH ->  2.5 nH (L)
	4.7uF ->  4.7 uF (C)
	5nH ->  5.0 nH (L)
WARNING: column header(s) 'type' found multiple times (taking the first one)
WARNING: unable to interpret: [empty string]
WARNING: unable to interpret: NM
========================================
WARNING: There were some warnings while importing the auto-generated CSV-file 'C:\Users\dvdun\AppData\Local\Temp\CSTDE1\Temp\DE\Untitled_0\Model\3D\EFR32.csv'. Please review the auto-generated file under Parts Editor->Load (csv).
========================================
WARNING: renamed pins with the same name for component USB1 from S to S(1), S(2), S(3)
Unifying library padstacks...
Finished reading database.
============================================================
*** ENDING PCB CONVERSION with SUCCESS***
