Unknown:
C:\Users\Administrator\Downloads\CST\anten bac\Result\hardware_resources.sconf
C:\Users\Administrator\Downloads\CST\anten bac\Result\matrixcalc_amd64_00000.log
C:\Users\Administrator\Downloads\CST\anten bac\Result\MCalc.ddi
C:\Users\Administrator\Downloads\CST\anten bac\Result\MCalc.log
C:\Users\Administrator\Downloads\CST\anten bac\Result\MCalc^Diagnostics.log
C:\Users\Administrator\Downloads\CST\anten bac\Result\ml_info.log
C:\Users\Administrator\Downloads\CST\anten bac\Result\Model.axg
C:\Users\Administrator\Downloads\CST\anten bac\Result\Model.coco
C:\Users\Administrator\Downloads\CST\anten bac\Result\Model.ddi
C:\Users\Administrator\Downloads\CST\anten bac\Result\Model.log
C:\Users\Administrator\Downloads\CST\anten bac\Result\Model.sa
C:\Users\Administrator\Downloads\CST\anten bac\Result\Model.sam
C:\Users\Administrator\Downloads\CST\anten bac\Result\ModelPBA.axg
C:\Users\Administrator\Downloads\CST\anten bac\Result\Ports.web
C:\Users\Administrator\Downloads\CST\anten bac\Result\PP-MCalc.log
C:\Users\Administrator\Downloads\CST\anten bac\Result\PP-Prio.log
C:\Users\Administrator\Downloads\CST\anten bac\Result\P^m^fbqq.slog
C:\Users\Administrator\Downloads\CST\anten bac\Result\P^m^fqq.slog
C:\Users\Administrator\Downloads\CST\anten bac\Result\P^p^m.slog
C:\Users\Administrator\Downloads\CST\anten bac\Result\P^s^pm.slog
C:\Users\Administrator\Downloads\CST\anten bac\Result\WEP.log
Mesh:
C:\Users\Administrator\Downloads\CST\anten bac\Result\MCalcCCS_c.mson
C:\Users\Administrator\Downloads\CST\anten bac\Result\Model.fmm
C:\Users\Administrator\Downloads\CST\anten bac\Result\Model.sid
C:\Users\Administrator\Downloads\CST\anten bac\Result\Model.xcfd
C:\Users\Administrator\Downloads\CST\anten bac\Result\s^pm.mem
Port:
