{16688} >2025-03-04 00:39:04.00028< matrixcalc_AMD64 @ laptop-Dung: 1xN000:  xxxxxxxxxxxxxxxxxxxxxxxxxxxxxxxxxxxxxxxxxxxxxxxxxxxxxxxxxxxxxxxxxxxx
                                                                             2025-04-04 00:39:04   current system memory usage reached 85% (7 GB)
                                                                             xxxxxxxxxxxxxxxxxxxxxxxxxxxxxxxxxxxxxxxxxxxxxxxxxxxxxxxxxxxxxxxxxxxx



{13660} >2025-03-04 00:31:37.00909< matrixcalc_AMD64 @ laptop-Dung: 1xN001:  xxxxxxxxxxxxxxxxxxxxxxxxxxxxxxxxxxxxxxxxxxxxxxxxxxxxxxxxxxxxxxxxxxxx
                                                                             2025-04-04 00:31:37   current system memory usage reached 85% (7 GB)
                                                                             xxxxxxxxxxxxxxxxxxxxxxxxxxxxxxxxxxxxxxxxxxxxxxxxxxxxxxxxxxxxxxxxxxxx

{13660} >2025-03-04 00:32:30.00024< matrixcalc_AMD64 @ laptop-Dung: 1xN001:  xxxxxxxxxxxxxxxxxxxxxxxxxxxxxxxxxxxxxxxxxxxxxxxxxxxxxxxxxxxxxxxxxxxx
                                                                             2025-04-04 00:32:30   current system memory usage reached 90% (7 GB)
                                                                             xxxxxxxxxxxxxxxxxxxxxxxxxxxxxxxxxxxxxxxxxxxxxxxxxxxxxxxxxxxxxxxxxxxx



{19720} >2025-03-04 00:33:51.00763< matrixcalc_AMD64 @ laptop-Dung: 1xN002:  xxxxxxxxxxxxxxxxxxxxxxxxxxxxxxxxxxxxxxxxxxxxxxxxxxxxxxxxxxxxxxxxxxxx
                                                                             2025-04-04 00:33:51   current system memory usage reached 85% (7 GB)
                                                                             xxxxxxxxxxxxxxxxxxxxxxxxxxxxxxxxxxxxxxxxxxxxxxxxxxxxxxxxxxxxxxxxxxxx

{19720} >2025-03-04 00:34:10.00394< matrixcalc_AMD64 @ laptop-Dung: 1xN002:  xxxxxxxxxxxxxxxxxxxxxxxxxxxxxxxxxxxxxxxxxxxxxxxxxxxxxxxxxxxxxxxxxxxx
                                                                             2025-04-04 00:34:10   current system memory usage reached 90% (7 GB)
                                                                             xxxxxxxxxxxxxxxxxxxxxxxxxxxxxxxxxxxxxxxxxxxxxxxxxxxxxxxxxxxxxxxxxxxx

{19720} >2025-03-04 00:35:56.00624< matrixcalc_AMD64 @ laptop-Dung: 1xN002:  xxxxxxxxxxxxxxxxxxxxxxxxxxxxxxxxxxxxxxxxxxxxxxxxxxxxxxxxxxxxxxxxxxxx
                                                                             2025-04-04 00:35:56   current system memory usage reached 95% (7 GB)
                                                                             xxxxxxxxxxxxxxxxxxxxxxxxxxxxxxxxxxxxxxxxxxxxxxxxxxxxxxxxxxxxxxxxxxxx



{10908} >2025-03-04 00:34:02.00583< matrixcalc_AMD64 @ laptop-Dung: 1xN003:  xxxxxxxxxxxxxxxxxxxxxxxxxxxxxxxxxxxxxxxxxxxxxxxxxxxxxxxxxxxxxxxxxxxx
                                                                             2025-04-04 00:34:02   current system memory usage reached 85% (7 GB)
                                                                             xxxxxxxxxxxxxxxxxxxxxxxxxxxxxxxxxxxxxxxxxxxxxxxxxxxxxxxxxxxxxxxxxxxx

{10908} >2025-03-04 00:34:24.00296< matrixcalc_AMD64 @ laptop-Dung: 1xN003:  xxxxxxxxxxxxxxxxxxxxxxxxxxxxxxxxxxxxxxxxxxxxxxxxxxxxxxxxxxxxxxxxxxxx
                                                                             2025-04-04 00:34:24   current system memory usage reached 90% (7 GB)
                                                                             xxxxxxxxxxxxxxxxxxxxxxxxxxxxxxxxxxxxxxxxxxxxxxxxxxxxxxxxxxxxxxxxxxxx

{10908} >2025-03-04 00:36:19.00663< matrixcalc_AMD64 @ laptop-Dung: 1xN003:  xxxxxxxxxxxxxxxxxxxxxxxxxxxxxxxxxxxxxxxxxxxxxxxxxxxxxxxxxxxxxxxxxxxx
                                                                             2025-04-04 00:36:19   current system memory usage reached 95% (7 GB)
                                                                             xxxxxxxxxxxxxxxxxxxxxxxxxxxxxxxxxxxxxxxxxxxxxxxxxxxxxxxxxxxxxxxxxxxx



{8040} >2025-03-04 00:31:37.00594< matrixcalc_AMD64 @ laptop-Dung: 1xN004:  xxxxxxxxxxxxxxxxxxxxxxxxxxxxxxxxxxxxxxxxxxxxxxxxxxxxxxxxxxxxxxxxxxxx
                                                                            2025-04-04 00:31:37   current system memory usage reached 85% (7 GB)
                                                                            xxxxxxxxxxxxxxxxxxxxxxxxxxxxxxxxxxxxxxxxxxxxxxxxxxxxxxxxxxxxxxxxxxxx

{8040} >2025-03-04 00:32:29.00931< matrixcalc_AMD64 @ laptop-Dung: 1xN004:  xxxxxxxxxxxxxxxxxxxxxxxxxxxxxxxxxxxxxxxxxxxxxxxxxxxxxxxxxxxxxxxxxxxx
                                                                            2025-04-04 00:32:29   current system memory usage reached 90% (7 GB)
                                                                            xxxxxxxxxxxxxxxxxxxxxxxxxxxxxxxxxxxxxxxxxxxxxxxxxxxxxxxxxxxxxxxxxxxx



{3968} >2025-03-04 00:38:58.00186< matrixcalc_AMD64 @ laptop-Dung: 1xN005:  xxxxxxxxxxxxxxxxxxxxxxxxxxxxxxxxxxxxxxxxxxxxxxxxxxxxxxxxxxxxxxxxxxxx
                                                                            2025-04-04 00:38:58   current system memory usage reached 85% (7 GB)
                                                                            xxxxxxxxxxxxxxxxxxxxxxxxxxxxxxxxxxxxxxxxxxxxxxxxxxxxxxxxxxxxxxxxxxxx



{12768} >2025-03-04 00:34:02.00512< matrixcalc_AMD64 @ laptop-Dung: 1xN006:  xxxxxxxxxxxxxxxxxxxxxxxxxxxxxxxxxxxxxxxxxxxxxxxxxxxxxxxxxxxxxxxxxxxx
                                                                             2025-04-04 00:34:02   current system memory usage reached 85% (7 GB)
                                                                             xxxxxxxxxxxxxxxxxxxxxxxxxxxxxxxxxxxxxxxxxxxxxxxxxxxxxxxxxxxxxxxxxxxx

{12768} >2025-03-04 00:34:25.00269< matrixcalc_AMD64 @ laptop-Dung: 1xN006:  xxxxxxxxxxxxxxxxxxxxxxxxxxxxxxxxxxxxxxxxxxxxxxxxxxxxxxxxxxxxxxxxxxxx
                                                                             2025-04-04 00:34:25   current system memory usage reached 90% (7 GB)
                                                                             xxxxxxxxxxxxxxxxxxxxxxxxxxxxxxxxxxxxxxxxxxxxxxxxxxxxxxxxxxxxxxxxxxxx

{12768} >2025-03-04 00:36:19.00818< matrixcalc_AMD64 @ laptop-Dung: 1xN006:  xxxxxxxxxxxxxxxxxxxxxxxxxxxxxxxxxxxxxxxxxxxxxxxxxxxxxxxxxxxxxxxxxxxx
                                                                             2025-04-04 00:36:19   current system memory usage reached 95% (7 GB)
                                                                             xxxxxxxxxxxxxxxxxxxxxxxxxxxxxxxxxxxxxxxxxxxxxxxxxxxxxxxxxxxxxxxxxxxx



{13496} >2025-03-04 00:33:56.00848< matrixcalc_AMD64 @ laptop-Dung: 1xN007:  xxxxxxxxxxxxxxxxxxxxxxxxxxxxxxxxxxxxxxxxxxxxxxxxxxxxxxxxxxxxxxxxxxxx
                                                                             2025-04-04 00:33:56   current system memory usage reached 85% (7 GB)
                                                                             xxxxxxxxxxxxxxxxxxxxxxxxxxxxxxxxxxxxxxxxxxxxxxxxxxxxxxxxxxxxxxxxxxxx

{13496} >2025-03-04 00:34:10.00976< matrixcalc_AMD64 @ laptop-Dung: 1xN007:  xxxxxxxxxxxxxxxxxxxxxxxxxxxxxxxxxxxxxxxxxxxxxxxxxxxxxxxxxxxxxxxxxxxx
                                                                             2025-04-04 00:34:10   current system memory usage reached 90% (7 GB)
                                                                             xxxxxxxxxxxxxxxxxxxxxxxxxxxxxxxxxxxxxxxxxxxxxxxxxxxxxxxxxxxxxxxxxxxx

{13496} >2025-03-04 00:35:53.00080< matrixcalc_AMD64 @ laptop-Dung: 1xN007:  xxxxxxxxxxxxxxxxxxxxxxxxxxxxxxxxxxxxxxxxxxxxxxxxxxxxxxxxxxxxxxxxxxxx
                                                                             2025-04-04 00:35:53   current system memory usage reached 95% (7 GB)
                                                                             xxxxxxxxxxxxxxxxxxxxxxxxxxxxxxxxxxxxxxxxxxxxxxxxxxxxxxxxxxxxxxxxxxxx



{11408} >2025-03-04 00:37:13.00563< matrixcalc_AMD64 @ laptop-Dung: 1xN008:  xxxxxxxxxxxxxxxxxxxxxxxxxxxxxxxxxxxxxxxxxxxxxxxxxxxxxxxxxxxxxxxxxxxx
                                                                             2025-04-04 00:37:13   current system memory usage reached 90% (7 GB)
                                                                             xxxxxxxxxxxxxxxxxxxxxxxxxxxxxxxxxxxxxxxxxxxxxxxxxxxxxxxxxxxxxxxxxxxx



{7320} >2025-03-04 00:33:54.00230< matrixcalc_AMD64 @ laptop-Dung: 1xN009:  xxxxxxxxxxxxxxxxxxxxxxxxxxxxxxxxxxxxxxxxxxxxxxxxxxxxxxxxxxxxxxxxxxxx
                                                                            2025-04-04 00:33:54   current system memory usage reached 85% (7 GB)
                                                                            xxxxxxxxxxxxxxxxxxxxxxxxxxxxxxxxxxxxxxxxxxxxxxxxxxxxxxxxxxxxxxxxxxxx

{7320} >2025-03-04 00:34:05.00760< matrixcalc_AMD64 @ laptop-Dung: 1xN009:  xxxxxxxxxxxxxxxxxxxxxxxxxxxxxxxxxxxxxxxxxxxxxxxxxxxxxxxxxxxxxxxxxxxx
                                                                            2025-04-04 00:34:05   current system memory usage reached 90% (7 GB)
                                                                            xxxxxxxxxxxxxxxxxxxxxxxxxxxxxxxxxxxxxxxxxxxxxxxxxxxxxxxxxxxxxxxxxxxx



{2796} >2025-03-04 00:37:30.00761< matrixcalc_AMD64 @ laptop-Dung: 1xN011:  xxxxxxxxxxxxxxxxxxxxxxxxxxxxxxxxxxxxxxxxxxxxxxxxxxxxxxxxxxxxxxxxxxxx
                                                                            2025-04-04 00:37:30   current system memory usage reached 85% (7 GB)
                                                                            xxxxxxxxxxxxxxxxxxxxxxxxxxxxxxxxxxxxxxxxxxxxxxxxxxxxxxxxxxxxxxxxxxxx



{2864} >2025-03-04 00:31:36.00423< matrixcalc_AMD64 @ laptop-Dung: 1xN012:  xxxxxxxxxxxxxxxxxxxxxxxxxxxxxxxxxxxxxxxxxxxxxxxxxxxxxxxxxxxxxxxxxxxx
                                                                            2025-04-04 00:31:36   current system memory usage reached 85% (7 GB)
                                                                            xxxxxxxxxxxxxxxxxxxxxxxxxxxxxxxxxxxxxxxxxxxxxxxxxxxxxxxxxxxxxxxxxxxx

{2864} >2025-03-04 00:32:37.00054< matrixcalc_AMD64 @ laptop-Dung: 1xN012:  xxxxxxxxxxxxxxxxxxxxxxxxxxxxxxxxxxxxxxxxxxxxxxxxxxxxxxxxxxxxxxxxxxxx
                                                                            2025-04-04 00:32:37   current system memory usage reached 90% (7 GB)
                                                                            xxxxxxxxxxxxxxxxxxxxxxxxxxxxxxxxxxxxxxxxxxxxxxxxxxxxxxxxxxxxxxxxxxxx



{17624} >2025-03-04 00:33:53.00350< matrixcalc_AMD64 @ laptop-Dung: 1xN013:  xxxxxxxxxxxxxxxxxxxxxxxxxxxxxxxxxxxxxxxxxxxxxxxxxxxxxxxxxxxxxxxxxxxx
                                                                             2025-04-04 00:33:53   current system memory usage reached 85% (7 GB)
                                                                             xxxxxxxxxxxxxxxxxxxxxxxxxxxxxxxxxxxxxxxxxxxxxxxxxxxxxxxxxxxxxxxxxxxx

{17624} >2025-03-04 00:34:15.00656< matrixcalc_AMD64 @ laptop-Dung: 1xN013:  xxxxxxxxxxxxxxxxxxxxxxxxxxxxxxxxxxxxxxxxxxxxxxxxxxxxxxxxxxxxxxxxxxxx
                                                                             2025-04-04 00:34:15   current system memory usage reached 90% (7 GB)
                                                                             xxxxxxxxxxxxxxxxxxxxxxxxxxxxxxxxxxxxxxxxxxxxxxxxxxxxxxxxxxxxxxxxxxxx

{17624} >2025-03-04 00:35:52.00224< matrixcalc_AMD64 @ laptop-Dung: 1xN013:  xxxxxxxxxxxxxxxxxxxxxxxxxxxxxxxxxxxxxxxxxxxxxxxxxxxxxxxxxxxxxxxxxxxx
                                                                             2025-04-04 00:35:52   current system memory usage reached 95% (7 GB)
                                                                             xxxxxxxxxxxxxxxxxxxxxxxxxxxxxxxxxxxxxxxxxxxxxxxxxxxxxxxxxxxxxxxxxxxx



{11452} >2025-03-04 00:37:44.00150< matrixcalc_AMD64 @ laptop-Dung: 1xN014:  xxxxxxxxxxxxxxxxxxxxxxxxxxxxxxxxxxxxxxxxxxxxxxxxxxxxxxxxxxxxxxxxxxxx
                                                                             2025-04-04 00:37:44   current system memory usage reached 90% (7 GB)
                                                                             xxxxxxxxxxxxxxxxxxxxxxxxxxxxxxxxxxxxxxxxxxxxxxxxxxxxxxxxxxxxxxxxxxxx



{9764} >2025-03-04 00:39:04.00358< matrixcalc_AMD64 @ laptop-Dung: 1xN015:  xxxxxxxxxxxxxxxxxxxxxxxxxxxxxxxxxxxxxxxxxxxxxxxxxxxxxxxxxxxxxxxxxxxx
                                                                            2025-04-04 00:39:04   current system memory usage reached 85% (7 GB)
                                                                            xxxxxxxxxxxxxxxxxxxxxxxxxxxxxxxxxxxxxxxxxxxxxxxxxxxxxxxxxxxxxxxxxxxx



