2025-04-04 00:30:23   Defined reference frequency for open boundary condition (2.5 GHz) is larger
                      than the lowest relevant system frequency (monitor at 2.45 GHz).
                      Please check the Settings for PML Boundary (Simulation > Settings > Boundary
                      Conditions > Open Boundary) to ensure accurate monitor results for the lowest
                      frequency of interest. More...

                      ------------------------------------------------------------------------------
2025-04-04 00:30:23   Due to unspecified frequency setting the evaluation of the constant tangent
                      delta model "EFR32_0(PCB1)/FR4" is performed at the center frequency of 2.5 GHz.

                      ------------------------------------------------------------------------------
2025-04-04 00:30:23   Due to unspecified frequency setting the evaluation of the constant tangent
                      delta model "EFR32_0(PCB1)/FR4_1" is performed at the center frequency of 2.5
                      GHz.

                      ------------------------------------------------------------------------------
2025-04-04 00:30:25   The following farfield monitor(s) have been adjusted to model box [-0.730149,
                      41.3241, -0.663278, 68.5623, -1.43531, 2.37861]:
                        farfield (f=2.45).
                      For further information please check the page "Special Solver Parameters -
                      Solver" in the Online Help.

                      ------------------------------------------------------------------------------
2025-04-04 00:30:25   
                      Solver started at: 2025-04-04 00:30:25 +0700

                        Module:  Time Domain: S-Parameter (Win 64)
                        Version: 2024.1 Release from 2023-10-16 (change 1181985)

2025-04-04 00:30:25   

                      ------------------------------------------------------------------------------
2025-04-04 00:30:25   

                      ------------------------------------------------------------------------------
2025-04-04 00:30:25   ======================================================================
                       Solver cycle: 1
                      ======================================================================

                      Stimulation at discrete port 1 



                      ------------------------------------------------------------------------------
2025-04-04 00:30:25   Units settings: 

                        Dimensions: mm
                        Frequency:  GHz
                        Time:       ns

                      ------------------------------------------------------------------------------
2025-04-04 00:30:25   The dispersive material update [Automatic] will be performed using the "Standard" update schema

                      ------------------------------------------------------------------------------
2025-04-04 00:40:50   The following lumped face elements are connected to metal material:
                      	EFR32_0(PCB1):C1, EFR32_0(PCB1):C2, EFR32_0(PCB1):C3, EFR32_0(PCB1):C4
                      	EFR32_0(PCB1):C5, EFR32_0(PCB1):C6, EFR32_0(PCB1):C7, EFR32_0(PCB1):C8
                      	EFR32_0(PCB1):C9, EFR32_0(PCB1):C10, EFR32_0(PCB1):C11, EFR32_0(PCB1):C12
                      	EFR32_0(PCB1):C13, EFR32_0(PCB1):C14, EFR32_0(PCB1):C15, EFR32_0(PCB1):C16
                      	EFR32_0(PCB1):C17, EFR32_0(PCB1):C18, EFR32_0(PCB1):C19, EFR32_0(PCB1):C20
                      	EFR32_0(PCB1):C21, EFR32_0(PCB1):L1, EFR32_0(PCB1):L2, EFR32_0(PCB1):L3
                      	EFR32_0(PCB1):L4, EFR32_0(PCB1):R1, EFR32_0(PCB1):R2, EFR32_0(PCB1):R3
                      	EFR32_0(PCB1):R4, EFR32_0(PCB1):R7, EFR32_0(PCB1):R8, EFR32_0(PCB1):R9
                      	EFR32_0(PCB1):R12, EFR32_0(PCB1):R13

                      ------------------------------------------------------------------------------
2025-04-04 00:40:50   The following discrete edge port is connected to metal material:
                      	1

                      ------------------------------------------------------------------------------
2025-04-04 00:41:16   Mesh statistics:

                         Hexahedral mesh type: Perfect Boundary Approximation (PBA)
                            Version: default

                         Parallelization type: domain decomposition
                            Number of parallel working threads: 6
                            Number of calculation domains used: 16

                         Used point accuracy enhancement value: 0.00%.
2025-04-04 00:38:01      current system memory usage reached 80%
                         Acceleration mode: CPU
                         PBA fill limit: 85.00% (inverse)
2025-04-04 00:31:06      current system memory usage reached 75%
2025-04-04 00:31:16      current system memory usage reached 80%
2025-04-04 00:33:40      current system memory usage reached 80%
2025-04-04 00:33:28      current system memory usage reached 80%
2025-04-04 00:31:18      current system memory usage reached 80%
2025-04-04 00:33:20      current system memory usage reached 75%
2025-04-04 00:33:39      current system memory usage reached 80%
2025-04-04 00:31:05      current system memory usage reached 75%
2025-04-04 00:31:17      current system memory usage reached 80%
2025-04-04 00:33:26      current system memory usage reached 80%
2025-04-04 00:38:35      current system memory usage reached 80%

2025-04-04 00:39:04      *** Warning ***  current system memory usage reached 85% (7 GB)

2025-04-04 00:31:37      *** Warning ***  current system memory usage reached 85% (7 GB)

2025-04-04 00:32:30      *** Warning ***  current system memory usage reached 90% (7 GB)

2025-04-04 00:33:51      *** Warning ***  current system memory usage reached 85% (7 GB)

2025-04-04 00:34:10      *** Warning ***  current system memory usage reached 90% (7 GB)

2025-04-04 00:35:56      *** Warning ***  current system memory usage reached 95% (7 GB)

2025-04-04 00:34:02      *** Warning ***  current system memory usage reached 85% (7 GB)

2025-04-04 00:34:24      *** Warning ***  current system memory usage reached 90% (7 GB)

2025-04-04 00:36:19      *** Warning ***  current system memory usage reached 95% (7 GB)

2025-04-04 00:32:29      *** Warning ***  current system memory usage reached 90% (7 GB)

2025-04-04 00:38:58      *** Warning ***  current system memory usage reached 85% (7 GB)

2025-04-04 00:34:25      *** Warning ***  current system memory usage reached 90% (7 GB)

2025-04-04 00:33:56      *** Warning ***  current system memory usage reached 85% (7 GB)

2025-04-04 00:35:53      *** Warning ***  current system memory usage reached 95% (7 GB)

2025-04-04 00:37:13      *** Warning ***  current system memory usage reached 90% (7 GB)

2025-04-04 00:33:54      *** Warning ***  current system memory usage reached 85% (7 GB)

2025-04-04 00:34:05      *** Warning ***  current system memory usage reached 90% (7 GB)

2025-04-04 00:37:30      *** Warning ***  current system memory usage reached 85% (7 GB)

2025-04-04 00:31:36      *** Warning ***  current system memory usage reached 85% (7 GB)

2025-04-04 00:32:37      *** Warning ***  current system memory usage reached 90% (7 GB)

2025-04-04 00:33:53      *** Warning ***  current system memory usage reached 85% (7 GB)

2025-04-04 00:34:15      *** Warning ***  current system memory usage reached 90% (7 GB)

2025-04-04 00:35:52      *** Warning ***  current system memory usage reached 95% (7 GB)

2025-04-04 00:37:44      *** Warning ***  current system memory usage reached 90% (7 GB)


2025-04-04 00:41:56   Voltage/current monitoring has not been activated for any lumped elements. Please note that no Power Loss 1D signal 
                      curves were generated.

                      ------------------------------------------------------------------------------
2025-04-04 00:41:57   Boundary conditions: 

                        YZsymmetry: none
                        XZsymmetry: none
                        XYsymmetry: none

                        Xmin: expanded open, 4 Layer, depth 19.264 mm
                        Xmax: expanded open, 4 Layer, depth 20.0071 mm

                        Ymin: expanded open, 4 Layer, depth 20.387 mm
                        Ymax: expanded open, 4 Layer, depth 20.6844 mm

                        Zmin: expanded open, 4 Layer, depth 20.8916 mm
                        Zmax: expanded open, 4 Layer, depth 22.1943 mm

                        PML-Type: Convolution PML

                      ------------------------------------------------------------------------------
2025-04-04 00:41:57   Frequency settings: 

                        Fmin:         1.5
                        Fmax:         3.5
                        Nfsteps(lin): 1001

                      ------------------------------------------------------------------------------
2025-04-04 00:42:00   Field update statistics:

                        Number of components in total: 	40583931
                        Number of lossy metal components:	1387686
                        Number of disp. elements:		2541760

                      Subcycling state:      			Automatically deactivated

                      ------------------------------------------------------------------------------
2025-04-04 00:42:00   Port: 1

2025-04-04 00:42:00     Discrete element, reference impedance = 50 Ohm

                      ------------------------------------------------------------------------------
2025-04-04 04:05:58   
                      --------------------------------------------------------------------------------
2025-04-04 04:05:58   Steady state energy criterion met, solver finished successfully.

                      ------------------------------------------------------------------------------
2025-04-04 04:05:58   Frequency domain results normalized to default signal.


                      ------------------------------------------------------------------------------
2025-04-04 04:05:58   
                        ----------------------------------------------------------------------------
                                            Peak memory used (kB)         Free physical memory (kB) 
                                                                          At begin     Minimum      
                        ----------------------------------------------------------------------------
                        CAD preparation     266684                        2557184      2357732      
                        Matrices calc.      3084976                       2536132      317382       
                        Solver run total    2243896                       2599176      343940       
                        ----------------------------------------------------------------------------

                      --------------------------------------------------------------------------------
                      Solver Statistics:

                        Hardware:
                           Computer name:                 	laptop-Dung 

                           Number of CPU threads:               4
                           Hardware info:                  	Hardware Accelerator Device not activated

                        Number of mesh cells:             	6607440
                        Excitation duration:              	3.55454875e+000 ns 
                        Calculation time for excitation:  	2928 	s
                        Number of calculated pulse widths:	4.27764 
                        Steady state accuracy limit:      	-40	dB 
                        Simulated number of time steps:   	70240 
                        Maximum number of time steps:     	328405 
                        Time step width:
                           without subcycles:             	2.164731126e-004 ns
                           used:                          	2.164731126e-004 ns

                        CAD preparation time:             	14     	s
                        Matrix calculation time:          	641 	s
                        Solver setup time:                	54 	s
                        Solver loop time:                 	12202 	s
                        Solver post-processing time:      	20 	s
                                                          	------------
                        Total solver time:                	12931 	s  ( = 3 h, 35 m, 31 s )

                      ------------------------------------------------------------------------------
2025-04-04 04:05:59   
                        Total solver time (all cycles):      	12931  	s  ( = 3 h, 35 m, 31 s )
                        Solver initialization and clean-up:  	3      	s
                                                             	------------
                        Total simulation time:               	12934  	s  ( = 3 h, 35 m, 34 s )

                      ------------------------------------------------------------------------------
2025-04-04 04:05:59   Solver finished at: 2025-04-04 04:05:59 +0700



                      ------------------------------------------------------------------------------
2025-04-04 04:06:08   Farfield written for 3DEXPERIENCE.

                      ------------------------------------------------------------------------------
2025-04-04 04:06:08   Creating parametric 1D results for Run ID 1

                      ------------------------------------------------------------------------------
